 
                                                                                                                                                                                                                                                                
 
 
Variable Summary

          Measurement    Frequency
 Role        Level         Count

INPUT      INTERVAL          5    
INPUT      NOMINAL           1    
TARGET     INTERVAL          1    
 
                                                                                                                                                                                                                                                                
 
Class Variable Summary Statistics
(maximum 500 observations printed)

Data Role=TRAIN

                                  Number
Data       Variable                 of                                Mode                    Mode2
Role         Name        Role     Levels    Missing      Mode      Percentage     Mode2     Percentage

TRAIN    polarity_cat    INPUT       3         0       positive      67.86       neutral      17.86   
 
                                                                                                                                                                                                                                                                
 
Interval Variable Summary Statistics
(maximum 500 observations printed)

Data Role=TRAIN

                                      Standard          Non
Variable         Role         Mean    Deviation     Missing     Missing     Minimum      Median     Maximum    Skewness    Kurtosis

gasprice        INPUT     2.597357    0.081376           28           0       2.455        2.59       2.708    -0.23651    -1.28026
goldprice       INPUT       14.973    0.148864           28           0      14.607      14.965      15.244     -0.4656    0.811837
newspolarity    INPUT     0.361148    0.498535           28           0    -0.33187     0.14306    1.527789    0.965462    0.561949
oilprice        INPUT       71.595    1.520922           28           0       69.01       71.62       74.57    0.347516    -0.12055
silverprice     INPUT     14.97293    0.149046           28           0      14.605      14.965      15.244    -0.47208    0.827451
stockprice      TARGET    2.578571    0.096329           28           0        2.43        2.56        2.73    0.061124    -1.61447
 
                                                                                                                                                                                                                                                                
 
Correlation Statistics
(maximum 500 observations printed)

Data Role=TRAIN Type=PEARSON Target=stockprice

Input           Correlation

newspolarity       0.35093 
gasprice           0.21764 
goldprice         -0.02144 
silverprice       -0.02168 
oilprice          -0.19091 
